<?xml version="1.0" encoding="UTF-8"?>
<!-- Generated by org.testng.reporters.JUnitXMLReporter -->
<testsuite ignored="0" hostname="DESKTOP-VUAPF35" failures="0" tests="4" name="Default test" time="14.119" errors="0" timestamp="2022-03-09T09:35:03 EST">
  <testcase classname="demoqa.test.alertsTest" name="demologin" time="5.075"/>
  <testcase classname="demoqa.test.alertsTest" name="alert1" time="0.111"/>
  <testcase classname="demoqa.test.alertsTest" name="alert2" time="0.399"/>
  <testcase classname="demoqa.test.alertsTest" name="alert3" time="8.471"/>
</testsuite> <!-- Default test -->
