<?xml version="1.0" encoding="UTF-8"?>
<!-- Generated by org.testng.reporters.JUnitXMLReporter -->
<testsuite ignored="7" hostname="DESKTOP-VUAPF35" failures="0" tests="3" name="RegressionTest" time="11.847" errors="0" timestamp="03 Mar 2022 20:02:39 GMT">
  <testcase classname="demoqa.test.dragAnddropTest" name="drag" time="6.113"/>
  <testcase classname="demoqa.test.tooltipTest" name="login" time="5.109"/>
  <testcase classname="demoqa.test.tooltipTest" name="test1" time="0.583"/>
  <testcase classname="demoqa.test.alertsTest" name="demologin" time="0.0">
    <ignored/>
  </testcase> <!-- demologin -->
  <testcase classname="demoqa.test.selectableTest" name="login" time="0.0">
    <ignored/>
  </testcase> <!-- login -->
  <testcase classname="demoqa.test.alertsTest" name="alert1" time="0.0">
    <ignored/>
  </testcase> <!-- alert1 -->
  <testcase classname="demoqa.test.selectableTest" name="selectList" time="0.0">
    <ignored/>
  </testcase> <!-- selectList -->
  <testcase classname="demoqa.test.alertsTest" name="alert3" time="0.0">
    <ignored/>
  </testcase> <!-- alert3 -->
  <testcase classname="demoqa.test.alertsTest" name="alert2" time="0.0">
    <ignored/>
  </testcase> <!-- alert2 -->
  <testcase classname="demoqa.test.selectableTest" name="selectGrid" time="0.0">
    <ignored/>
  </testcase> <!-- selectGrid -->
</testsuite> <!-- RegressionTest -->
