<?xml version="1.0" encoding="UTF-8"?>
<!-- Generated by org.testng.reporters.JUnitXMLReporter -->
<testsuite ignored="0" hostname="DESKTOP-VUAPF35" failures="0" tests="5" name="SanityTestCases" time="17.059" errors="0" timestamp="03 Mar 2022 18:42:11 GMT">
  <testcase classname="demoqa.test.dragAnddropTest" name="drag" time="6.356"/>
  <testcase classname="demoqa.test.alertsTest" name="demologin" time="6.147"/>
  <testcase classname="demoqa.test.alertsTest" name="alert1" time="0.165"/>
  <testcase classname="demoqa.test.alertsTest" name="alert2" time="0.166"/>
  <testcase classname="demoqa.test.alertsTest" name="alert3" time="4.155"/>
</testsuite> <!-- SanityTestCases -->
