<?xml version="1.0" encoding="UTF-8"?>
<!-- Generated by org.testng.reporters.JUnitXMLReporter -->
<testsuite ignored="5" hostname="DESKTOP-VUAPF35" failures="0" tests="5" name="SanityTest" time="16.558" errors="0" timestamp="03 Mar 2022 20:13:42 GMT">
  <testcase classname="demoqa.test.dragAnddropTest" name="drag" time="6.651"/>
  <testcase classname="demoqa.test.alertsTest" name="demologin" time="5.198"/>
  <testcase classname="demoqa.test.alertsTest" name="alert1" time="0.106"/>
  <testcase classname="demoqa.test.alertsTest" name="alert2" time="0.348"/>
  <testcase classname="demoqa.test.alertsTest" name="alert3" time="4.212"/>
  <testcase classname="demoqa.test.selectableTest" name="login" time="0.0">
    <ignored/>
  </testcase> <!-- login -->
  <testcase classname="demoqa.test.tooltipTest" name="test1" time="0.0">
    <ignored/>
  </testcase> <!-- test1 -->
  <testcase classname="demoqa.test.tooltipTest" name="login" time="0.0">
    <ignored/>
  </testcase> <!-- login -->
  <testcase classname="demoqa.test.selectableTest" name="selectList" time="0.0">
    <ignored/>
  </testcase> <!-- selectList -->
  <testcase classname="demoqa.test.selectableTest" name="selectGrid" time="0.0">
    <ignored/>
  </testcase> <!-- selectGrid -->
</testsuite> <!-- SanityTest -->
