<?xml version="1.0" encoding="UTF-8"?>
<!-- Generated by org.testng.reporters.JUnitXMLReporter -->
<testsuite ignored="0" hostname="DESKTOP-VUAPF35" failures="0" tests="3" name="SmokeTest" time="7.997" errors="0" timestamp="03 Mar 2022 20:05:13 GMT">
  <testcase classname="demoqa.test.selectableTest" name="login" time="6.687"/>
  <testcase classname="demoqa.test.selectableTest" name="selectList" time="0.658"/>
  <testcase classname="demoqa.test.selectableTest" name="selectGrid" time="0.609"/>
</testsuite> <!-- SmokeTest -->
