<?xml version="1.0" encoding="UTF-8"?>
<!-- Generated by org.testng.reporters.JUnitXMLReporter -->
<testsuite ignored="0" hostname="DESKTOP-VUAPF35" failures="0" tests="4" name="test" time="15.505" errors="0" timestamp="2022-03-09T09:29:21 EST">
  <testcase classname="demoqa.test.alertsTest" name="demologin" time="6.559"/>
  <testcase classname="demoqa.test.alertsTest" name="alert1" time="0.223"/>
  <testcase classname="demoqa.test.alertsTest" name="alert2" time="0.168"/>
  <testcase classname="demoqa.test.alertsTest" name="alert3" time="8.477"/>
</testsuite> <!-- test -->
