<?xml version="1.0" encoding="UTF-8"?>
<!-- Generated by org.testng.reporters.JUnitXMLReporter -->
<testsuite ignored="0" hostname="DESKTOP-VUAPF35" failures="0" tests="4" name="test" time="6.857" errors="0" timestamp="2022-03-11T11:18:35 EST">
  <testcase classname="demoqa.test.alertsTest" name="demologin" time="5.98"/>
  <testcase classname="demoqa.test.alertsTest" name="alert1" time="0.094"/>
  <testcase classname="demoqa.test.alertsTest" name="alert2" time="0.271"/>
  <testcase classname="demoqa.test.alertsTest" name="alert3" time="0.449"/>
</testsuite> <!-- test -->
