<?xml version="1.0" encoding="UTF-8"?>
<testng-results ignored="0" total="4" passed="4" failed="0" skipped="0">
  <reporter-output>
  </reporter-output>
  <suite started-at="2022-03-11T11:18:28 EST" name="Suite" finished-at="2022-03-11T11:18:35 EST" duration-ms="6857">
    <groups>
      <group name="sanity">
        <method signature="alertsTest.alert1()[pri:1, instance:demoqa.test.alertsTest@696da30b]" name="alert1" class="demoqa.test.alertsTest"/>
        <method signature="alertsTest.alert2()[pri:2, instance:demoqa.test.alertsTest@696da30b]" name="alert2" class="demoqa.test.alertsTest"/>
        <method signature="alertsTest.alert3()[pri:3, instance:demoqa.test.alertsTest@696da30b]" name="alert3" class="demoqa.test.alertsTest"/>
        <method signature="alertsTest.demologin()[pri:0, instance:demoqa.test.alertsTest@696da30b]" name="demologin" class="demoqa.test.alertsTest"/>
      </group> <!-- sanity -->
    </groups>
    <test started-at="2022-03-11T11:18:28 EST" name="test" finished-at="2022-03-11T11:18:35 EST" duration-ms="6857">
      <class name="demoqa.test.alertsTest">
        <test-method signature="demologin()[pri:0, instance:demoqa.test.alertsTest@696da30b]" started-at="2022-03-11T11:18:28 EST" name="demologin" finished-at="2022-03-11T11:18:34 EST" duration-ms="5980" status="PASS">
          <reporter-output>
          </reporter-output>
        </test-method> <!-- demologin -->
        <test-method signature="alert1()[pri:1, instance:demoqa.test.alertsTest@696da30b]" started-at="2022-03-11T11:18:34 EST" name="alert1" finished-at="2022-03-11T11:18:34 EST" duration-ms="94" status="PASS">
          <reporter-output>
          </reporter-output>
        </test-method> <!-- alert1 -->
        <test-method signature="alert2()[pri:2, instance:demoqa.test.alertsTest@696da30b]" started-at="2022-03-11T11:18:35 EST" name="alert2" finished-at="2022-03-11T11:18:35 EST" duration-ms="271" status="PASS">
          <reporter-output>
          </reporter-output>
        </test-method> <!-- alert2 -->
        <test-method signature="alert3()[pri:3, instance:demoqa.test.alertsTest@696da30b]" started-at="2022-03-11T11:18:35 EST" name="alert3" finished-at="2022-03-11T11:18:35 EST" duration-ms="449" status="PASS">
          <reporter-output>
          </reporter-output>
        </test-method> <!-- alert3 -->
      </class> <!-- demoqa.test.alertsTest -->
    </test> <!-- test -->
  </suite> <!-- Suite -->
</testng-results>
