<?xml version="1.0" encoding="UTF-8"?>
<!-- Generated by org.testng.reporters.JUnitXMLReporter -->
<testsuite ignored="0" hostname="DESKTOP-VUAPF35" failures="0" tests="5" name="demoqaTest.xml" time="18.198" errors="0" timestamp="01 Mar 2022 22:06:29 GMT">
  <testcase classname="demoqa.test.dragAnddropTest" name="drag" time="7.155"/>
  <testcase classname="demoqa.test.alertsTest" name="demologin" time="6.383"/>
  <testcase classname="demoqa.test.alertsTest" name="alert1" time="0.153"/>
  <testcase classname="demoqa.test.alertsTest" name="alert2" time="0.318"/>
  <testcase classname="demoqa.test.alertsTest" name="alert3" time="4.142"/>
</testsuite> <!-- demoqaTest.xml -->
